0 info it worked if it ends with ok
1 verbose cli [ '/home/tuftscs/.nvm/versions/node/v7.6.0/bin/node',
1 verbose cli   '/home/tuftscs/.nvm/versions/node/v7.6.0/bin/npm',
1 verbose cli   'run',
1 verbose cli   'start' ]
2 info using npm@4.1.2
3 info using node@v7.6.0
4 verbose run-script [ 'prestart', 'start', 'poststart' ]
5 info lifecycle inventory@0.0.1~prestart: inventory@0.0.1
6 silly lifecycle inventory@0.0.1~prestart: no script for prestart, continuing
7 info lifecycle inventory@0.0.1~start: inventory@0.0.1
8 verbose lifecycle inventory@0.0.1~start: unsafe-perm in lifecycle true
9 verbose lifecycle inventory@0.0.1~start: PATH: /home/tuftscs/.nvm/versions/node/v7.6.0/lib/node_modules/npm/bin/node-gyp-bin:/home/tuftscs/jumbocode/STOMP1/node_modules/.bin:/home/tuftscs/.nvm/versions/node/v7.6.0/bin:/usr/local/sbin:/usr/local/bin:/usr/sbin:/usr/bin:/sbin:/bin:/usr/games:/usr/local/games:/snap/bin
10 verbose lifecycle inventory@0.0.1~start: CWD: /home/tuftscs/jumbocode/STOMP1
11 silly lifecycle inventory@0.0.1~start: Args: [ '-c',
11 silly lifecycle   'node node_modules/react-native/local-cli/cli.js start' ]
12 silly lifecycle inventory@0.0.1~start: Returned: code: 1  signal: null
13 info lifecycle inventory@0.0.1~start: Failed to exec start script
14 verbose stack Error: inventory@0.0.1 start: `node node_modules/react-native/local-cli/cli.js start`
14 verbose stack Exit status 1
14 verbose stack     at EventEmitter.<anonymous> (/home/tuftscs/.nvm/versions/node/v7.6.0/lib/node_modules/npm/lib/utils/lifecycle.js:279:16)
14 verbose stack     at emitTwo (events.js:106:13)
14 verbose stack     at EventEmitter.emit (events.js:192:7)
14 verbose stack     at ChildProcess.<anonymous> (/home/tuftscs/.nvm/versions/node/v7.6.0/lib/node_modules/npm/lib/utils/spawn.js:40:14)
14 verbose stack     at emitTwo (events.js:106:13)
14 verbose stack     at ChildProcess.emit (events.js:192:7)
14 verbose stack     at maybeClose (internal/child_process.js:890:16)
14 verbose stack     at Process.ChildProcess._handle.onexit (internal/child_process.js:226:5)
15 verbose pkgid inventory@0.0.1
16 verbose cwd /home/tuftscs/jumbocode/STOMP1
17 error Linux 4.10.0-24-generic
18 error argv "/home/tuftscs/.nvm/versions/node/v7.6.0/bin/node" "/home/tuftscs/.nvm/versions/node/v7.6.0/bin/npm" "run" "start"
19 error node v7.6.0
20 error npm  v4.1.2
21 error code ELIFECYCLE
22 error inventory@0.0.1 start: `node node_modules/react-native/local-cli/cli.js start`
22 error Exit status 1
23 error Failed at the inventory@0.0.1 start script 'node node_modules/react-native/local-cli/cli.js start'.
23 error Make sure you have the latest version of node.js and npm installed.
23 error If you do, this is most likely a problem with the inventory package,
23 error not with npm itself.
23 error Tell the author that this fails on your system:
23 error     node node_modules/react-native/local-cli/cli.js start
23 error You can get information on how to open an issue for this project with:
23 error     npm bugs inventory
23 error Or if that isn't available, you can get their info via:
23 error     npm owner ls inventory
23 error There is likely additional logging output above.
24 verbose exit [ 1, true ]
